<?xml version="1.0" encoding="UTF-8"?>
<!-- Generated by org.testng.reporters.JUnitReportReporter -->
<testsuite hostname="LAPTOP-IUIQT4IV" failures="0" tests="1" name="test.DashboardTest" time="5.959" errors="0" timestamp="2022-05-18T23:29:41 CDT" skipped="0">
  <testcase classname="test.DashboardTest" name="ValidUserShouldBeAbleTologinTest" time="5.959"/>
  <system-out/>
</testsuite> <!-- test.DashboardTest -->
