<?xml version="1.0" encoding="UTF-8"?>
<!-- Generated by org.testng.reporters.JUnitReportReporter -->
<testsuite hostname="LAPTOP-IUIQT4IV" failures="0" tests="1" name="test.LoginTest" time="5.157" errors="0" timestamp="2022-05-15T12:54:35 CDT" skipped="0">
  <testcase classname="test.LoginTest" name="ValidUserShouldBeAbleTologinTest" time="5.157"/>
  <system-out/>
</testsuite> <!-- test.LoginTest -->
