<?xml version="1.0" encoding="UTF-8"?>
<!-- Generated by org.testng.reporters.JUnitReportReporter -->
<testsuite hostname="LAPTOP-IUIQT4IV" failures="0" tests="1" name="test.DashboardTest" time="5.391" errors="0" timestamp="2022-05-15T12:56:35 CDT" skipped="0">
  <testcase classname="test.DashboardTest" name="ValidUserShouldBeAbleTologinTest" time="5.391"/>
  <system-out/>
</testsuite> <!-- test.DashboardTest -->
